<?xml version="1.0" encoding="UTF-8"?>
<!-- Generated by org.testng.reporters.JUnitReportReporter -->
<testsuite skipped="0" hostname="DESKTOP-2FK3MFC" name="com.testng.test.TestNG" tests="4" failures="0" timestamp="2020-05-11T20:09:54 IST" time="26.820" errors="0">
  <testcase name="checkTitle" time="0.022" classname="com.testng.test.TestNG"/>
  <system-out/>
  <testcase name="login" time="10.273" classname="com.testng.test.TestNG"/>
  <system-out/>
  <testcase name="clickAddEmployee" time="6.660" classname="com.testng.test.TestNG"/>
  <system-out/>
  <testcase name="UploadFile" time="9.865" classname="com.testng.test.TestNG"/>
  <system-out/>
</testsuite> <!-- com.testng.test.TestNG -->
